/Users/fzhu/src/github/veryfansome/jepa/terminal-jepa/models/gate2.py:80: UserWarning: enable_nested_tensor is True, but self.use_nested_tensor is False because encoder_layer.norm_first was True
  self.trunk = nn.TransformerEncoder(layer, layers)
Warning: You are sending unauthenticated requests to the HF Hub. Please set a HF_TOKEN to enable higher rate limits and faster downloads.
Loading weights:   0%|          | 0/134 [00:00<?, ?it/s]Loading weights: 100%|██████████| 134/134 [00:00<00:00, 5855.10it/s]
[transformers] [1mModernBertModel LOAD REPORT[0m from: answerdotai/ModernBERT-base
Key               | Status     |  | 
------------------+------------+--+-
decoder.bias      | UNEXPECTED |  | 
head.dense.weight | UNEXPECTED |  | 
head.norm.weight  | UNEXPECTED |  | 

Notes:
- UNEXPECTED:	can be ignored when loading from different task/architecture; not ok if you expect identical arch.
{
 "adapter": "gate2-clean-copy",
 "data": "data/v1",
 "seed": 0,
 "eval_split": "val-heldout-layouts, val-heldout-predicates",
 "rollout": {
  "n": 500,
  "h1_err_median_by_type": {
   "state-changing": 64.7634506225586,
   "valid-no-op": 0.0,
   "invalid": 0.0
  },
  "h1_err_mean_by_type": {
   "state-changing": 61.77877361848739,
   "valid-no-op": 0.0,
   "invalid": 0.0
  },
  "err_median_by_horizon": {
   "1": 57.4659309387207,
   "2": 80.59292602539062,
   "3": 109.9327392578125
  }
 },
 "calibration": {
  "n": 500,
  "change_magnitude_median_by_type": {
   "state-changing": 0.0,
   "valid-no-op": 0.0,
   "invalid": 0.0
  },
  "auc_state_changing_vs_non": 0.5
 },
 "voe": {
  "n": 300,
  "err_true_median": 65.22357559204102,
  "acc_vs_alt_action_foil": 0.48333333333333334,
  "acc_vs_two_edit_foil_copy_passable": 0.98
 },
 "goal_ranking": {
  "n_episodes": 100,
  "rank_acc_vs_random": 0.5,
  "rank_acc_vs_invalid": 0.5,
  "rank_margin_vs_random_median": 0.0,
  "optimal_plan_final_goal_distance_median": 110.02286529541016,
  "executed_plan_distance_improved_frac": 1.0
 },
 "ckpt": "runs/gate2/slotpred/ckpt.pt"
}
