===== STAGE bootstrap @ 17:48:27 =====
==> ensuring rsync/git/curl/tmux on the pod
==> rsync repo code → root@103.196.86.87:~/jepa/  (code only; data goes via sync-data)
==> uv sync + CUDA smoke on the pod
downloading uv 0.11.29 x86_64-unknown-linux-gnu
installing to /root/.local/bin
  uv
  uvx
everything's installed!
Resolved 55 packages in 1ms
Checked 53 packages in 1ms
Checked 1 package in 9ms
/root/jepa/terminal-jepa/.venv/lib/python3.14/site-packages/torch/cuda/__init__.py:188: UserWarning: CUDA initialization: The NVIDIA driver on your system is too old (found version 12080). Please update your GPU driver by downloading and installing a new version from the URL: http://www.nvidia.com/Download/index.aspx Alternatively, go to: https://pytorch.org to install a PyTorch version that has been compiled with your version of the CUDA driver. (Triggered internally at /__w/pytorch/pytorch/c10/cuda/CUDAFunctions.cpp:119.)
  return torch._C._cuda_getDeviceCount() > 0
Traceback (most recent call last):
  File "<string>", line 1, in <module>
    import torch; assert torch.cuda.is_available(), "no CUDA"; print("cuda ok:", torch.cuda.get_device_name(0), "| driver CUDA 12.8")
                         ~~~~~~~~~~~~~~~~~~~~~~~^^
AssertionError: no CUDA
STAGE bootstrap FAILED @ 17:48:37
