Warning: You are sending unauthenticated requests to the HF Hub. Please set a HF_TOKEN to enable higher rate limits and faster downloads.
Loading weights:   0%|          | 0/134 [00:00<?, ?it/s]Loading weights: 100%|██████████| 134/134 [00:00<00:00, 42456.32it/s]
[transformers] [1mModernBertModel LOAD REPORT[0m from: answerdotai/ModernBERT-base
Key               | Status     |  | 
------------------+------------+--+-
head.dense.weight | UNEXPECTED |  | 
decoder.bias      | UNEXPECTED |  | 
head.norm.weight  | UNEXPECTED |  | 

Notes:
- UNEXPECTED:	can be ignored when loading from different task/architecture; not ok if you expect identical arch.
Loading weights:   0%|          | 0/134 [00:00<?, ?it/s]Loading weights: 100%|██████████| 134/134 [00:00<00:00, 22385.66it/s]
[transformers] [1mModernBertModel LOAD REPORT[0m from: answerdotai/ModernBERT-base
Key               | Status     |  | 
------------------+------------+--+-
head.dense.weight | UNEXPECTED |  | 
decoder.bias      | UNEXPECTED |  | 
head.norm.weight  | UNEXPECTED |  | 

Notes:
- UNEXPECTED:	can be ignored when loading from different task/architecture; not ok if you expect identical arch.
seed 0: {"scoring": "means (medians never used for clause verdicts)", "state_changing_h1_mean": 64.9229019397379, "noop_h1_mean": 5.05762757619222, "invalid_h1_mean": 5.625996179050869, "auc_state_changing_vs_non": 0.7918568340139323}
seed 1: {"scoring": "means (medians never used for clause verdicts)", "state_changing_h1_mean": 66.12598543017323, "noop_h1_mean": 5.125204118815335, "invalid_h1_mean": 5.420698049906138, "auc_state_changing_vs_non": 0.7525572428987332}
seed 2: {"scoring": "means (medians never used for clause verdicts)", "state_changing_h1_mean": 67.48604158108884, "noop_h1_mean": 5.03427901510465, "invalid_h1_mean": 5.377791672610165, "auc_state_changing_vs_non": 0.784643665158371}
seed 3: {"scoring": "means (medians never used for clause verdicts)", "state_changing_h1_mean": 66.28190437952678, "noop_h1_mean": 5.147001065313816, "invalid_h1_mean": 5.669737891147011, "auc_state_changing_vs_non": 0.797056}
seed 4: {"scoring": "means (medians never used for clause verdicts)", "state_changing_h1_mean": 66.14967513332765, "noop_h1_mean": 5.121903148351931, "invalid_h1_mean": 5.643100826556866, "auc_state_changing_vs_non": 0.7943689360557727}
{
 "rule_clauses.state_changing_h1_mean": {
  "mean": 66.19330169277087,
  "std": 0.8123271684923422,
  "min": 64.9229019397379,
  "max": 67.48604158108884,
  "n_seeds": 5
 },
 "rule_clauses.noop_h1_mean": {
  "mean": 5.09720298475559,
  "std": 0.043358158026354225,
  "min": 5.03427901510465,
  "max": 5.147001065313816,
  "n_seeds": 5
 },
 "rule_clauses.invalid_h1_mean": {
  "mean": 5.54746492385421,
  "std": 0.12257480571258701,
  "min": 5.377791672610165,
  "max": 5.669737891147011,
  "n_seeds": 5
 },
 "rule_clauses.auc_state_changing_vs_non": {
  "mean": 0.7840965356253619,
  "std": 0.01630164712525537,
  "min": 0.7525572428987332,
  "max": 0.797056,
  "n_seeds": 5
 },
 "voe.acc_vs_alt_action_foil": {
  "mean": 0.5293333333333333,
  "std": 0.03832028763519976,
  "min": 0.48,
  "max": 0.5666666666666667,
  "n_seeds": 5
 },
 "goal_ranking.rank_acc_vs_random": {
  "mean": 0.8270120019869246,
  "std": 0.01736461591151106,
  "min": 0.8064516129032258,
  "max": 0.8553113553113553,
  "n_seeds": 5
 },
 "goal_ranking.rank_acc_vs_invalid": {
  "mean": 0.8608861625066678,
  "std": 0.02925402431432766,
  "min": 0.8208092485549133,
  "max": 0.9065934065934066,
  "n_seeds": 5
 }
}
