Warning: You are sending unauthenticated requests to the HF Hub. Please set a HF_TOKEN to enable higher rate limits and faster downloads.
Loading weights:   0%|          | 0/134 [00:00<?, ?it/s]Loading weights: 100%|██████████| 134/134 [00:00<00:00, 4919.62it/s]
[transformers] [1mModernBertModel LOAD REPORT[0m from: answerdotai/ModernBERT-base
Key               | Status     |  | 
------------------+------------+--+-
head.norm.weight  | UNEXPECTED |  | 
decoder.bias      | UNEXPECTED |  | 
head.dense.weight | UNEXPECTED |  | 

Notes:
- UNEXPECTED:	can be ignored when loading from different task/architecture; not ok if you expect identical arch.
  50/300
  100/300
  150/300
  200/300
  250/300
  300/300
{
 "model": "answerdotai/ModernBERT-base",
 "data": "data/v1",
 "n_samples": 300,
 "criterion": "clean targets if L*nuisance^2/signal^2 > 0.1",
 "file_lines_per_obs_median": 15.0,
 "nuisance_noiseline_line_dz_median": 0.6069731712341309,
 "nuisance_banner_line_dz_median": 0.6439564228057861,
 "signal_changed_line_dz_median": 2.6512839794158936,
 "spillover_unchanged_line_dz_median": 0.36155393719673157,
 "aggregate_power_ratio_nuisance_over_signal": 0.7861723301830972,
 "verdict": "clean-targets"
}
